Job id: 4373990
Job name: s01_vqsr
Allocated node: cpu-e-636
Time: Tue  7 Aug 15:34:21 BST 2018

Initial working folder:
/rds/project/erf33/rds-erf33-medgen/users/alexey/wecare_ampliseq/scripts_and_logs/f07a_filter_variants

------------------ Output ------------------

VQSR
Tue  7 Aug 15:34:21 BST 2018

--- Files and folders ---

scripts_folder: /rds/project/erf33/rds-erf33-medgen/users/alexey/wecare_ampliseq/scripts_and_logs/f07a_filter_variants
vqsr_tmp_folder: /rds/project/erf33/rds-erf33-medgen/users/alexey/wecare_ampliseq/data_and_results/d07_filtered_vcf/vqsr/misc

raw_vcf: /rds/project/erf33/rds-erf33-medgen/users/alexey/wecare_ampliseq/data_and_results/d06_raw_vcf/raw_vcf/wecare_ampliseq_raw.vcf.gz

--- Tools ---

gatk: /rds/project/erf33/rds-erf33-medgen/tools/gatk/gatk-4.0.5.2/gatk

java:
openjdk version "1.8.0_171"
OpenJDK Runtime Environment (build 1.8.0_171-b10)
OpenJDK 64-Bit Server VM (build 25.171-b10, mixed mode)

--- Resources ---

ref_genome: /rds/project/erf33/rds-erf33-medgen/resources/gatk_bundle/b37/decompressed/human_g1k_v37_decoy.fasta
hapmap: /rds/project/erf33/rds-erf33-medgen/resources/gatk_bundle/b37/decompressed/hapmap_3.3.b37.vcf
omni: /rds/project/erf33/rds-erf33-medgen/resources/gatk_bundle/b37/decompressed/1000G_omni2.5.b37.vcf
phase1_1k_hc: /rds/project/erf33/rds-erf33-medgen/resources/gatk_bundle/b37/decompressed/1000G_phase1.snps.high_confidence.b37.vcf
dbsnp_138: /rds/project/erf33/rds-erf33-medgen/resources/gatk_bundle/b37/decompressed/dbsnp_138.b37.vcf

targets_interval_list: /rds/project/erf33/rds-erf33-medgen/users/alexey/wecare_ampliseq/data_and_results/d00_targets/targets.interval_list

--- Settings ---

SNP_TS: 97.0
INDEL_TS: 95.0

Training vqsr snp model ...
Applying vqsr snp model ...
Training vqsr indel model ...
Applying vqsr indel model...
Done all tasks
Tue  7 Aug 15:36:29 BST 2018

