Job id: 3894437
Job name: s01_make_gvcfs
Allocated node: cpu-e-11
Time: Tue 24 Jul 16:46:13 BST 2018

Initial working folder:
/rds/project/erf33/rds-erf33-medgen/users/alexey/wecare_ampliseq/scripts_and_logs/f06a_call_variants

------------------ Output ------------------

Make individual gVCF files (in batches)
Tue 24 Jul 16:46:13 BST 2018

--- Folders ---

scripts_folder: /rds/project/erf33/rds-erf33-medgen/users/alexey/wecare_ampliseq/scripts_and_logs/f06a_call_variants

bam_folder: /rds/project/erf33/rds-erf33-medgen/users/alexey/wecare_ampliseq/data_and_results/d05_preprocessed_bam/bqsr_bam
gvcf_folder: /rds/project/erf33/rds-erf33-medgen/users/alexey/wecare_ampliseq/data_and_results/d06_gvcf/gvcf

--- Tools ---

gatk: /rds/project/erf33/rds-erf33-medgen/tools/gatk/gatk-4.0.5.2/gatk

java:
openjdk version "1.8.0_171"
OpenJDK Runtime Environment (build 1.8.0_171-b10)
OpenJDK 64-Bit Server VM (build 25.171-b10, mixed mode)

--- Resources ---

ref_genome: /rds/project/erf33/rds-erf33-medgen/resources/gatk_bundle/b37/decompressed/human_g1k_v37_decoy.fasta
targets_interval_list: /rds/project/erf33/rds-erf33-medgen/users/alexey/wecare_ampliseq/data_and_results/d00_targets/targets.interval_list

Detected 541 bam files in the source folder
Made 19 batches of up to 30 samples each

19:13:47 Done batch 1
20:38:49 Done batch 2
21:50:37 Done batch 3
22:52:31 Done batch 4
23:49:40 Done batch 5
00:46:31 Done batch 6
01:35:00 Done batch 7
02:26:40 Done batch 8
03:15:31 Done batch 9
03:59:40 Done batch 10
04:44:30 Done batch 11
05:25:30 Done batch 12
06:05:51 Done batch 13
06:41:23 Done batch 14
07:18:20 Done batch 15
07:50:40 Done batch 16
08:20:28 Done batch 17
08:44:38 Done batch 18
08:44:43 Done batch 19

Done all tasks
Wed 25 Jul 08:44:43 BST 2018

