Job id: 4337064
Job name: s02_merge_gvcfs
Allocated node: cpu-e-95
Time: Mon  6 Aug 11:32:02 BST 2018

Initial working folder:
/rds/project/erf33/rds-erf33-medgen/users/alexey/wecare_ampliseq/scripts_and_logs/f06a_call_variants

------------------ Output ------------------

Make merged gVCF file
Mon  6 Aug 11:32:02 BST 2018

--- Folders ---

scripts_folder: /rds/project/erf33/rds-erf33-medgen/users/alexey/wecare_ampliseq/scripts_and_logs/f06a_call_variants

gvcf_folder: /rds/project/erf33/rds-erf33-medgen/users/alexey/wecare_ampliseq/data_and_results/d06_raw_vcf/gvcf
merged_gvcf: /rds/project/erf33/rds-erf33-medgen/users/alexey/wecare_ampliseq/data_and_results/d06_raw_vcf/merged_gvcf/merged.g.vcf.gz
merging_log: /rds/project/erf33/rds-erf33-medgen/users/alexey/wecare_ampliseq/data_and_results/d06_raw_vcf/merged_gvcf/merging_gvcfs.log

--- Tools ---

gatk: /rds/project/erf33/rds-erf33-medgen/tools/gatk/gatk-4.0.5.2/gatk

java:
openjdk version "1.8.0_171"
OpenJDK Runtime Environment (build 1.8.0_171-b10)
OpenJDK 64-Bit Server VM (build 25.171-b10, mixed mode)

--- Resources ---

ref_genome: /rds/project/erf33/rds-erf33-medgen/resources/gatk_bundle/b37/decompressed/human_g1k_v37_decoy.fasta
targets_interval_list: /rds/project/erf33/rds-erf33-medgen/users/alexey/wecare_ampliseq/data_and_results/d00_targets/targets.interval_list

Detected 541 gvcf files in the source folder
Started merging gvcf files ...
Completed merging gvcf files
Mon  6 Aug 11:46:27 BST 2018

