Job id: 4034506
Job name: s02_merge_gvcfs
Allocated node: cpu-e-131
Time: Fri 27 Jul 18:41:17 BST 2018

Initial working folder:
/rds/project/erf33/rds-erf33-medgen/users/alexey/wecare_ampliseq/scripts_and_logs/f06a_call_variants

------------------ Output ------------------

Make merged gVCF files (in batches)
Fri 27 Jul 18:41:17 BST 2018

--- Folders ---

scripts_folder: /rds/project/erf33/rds-erf33-medgen/users/alexey/wecare_ampliseq/scripts_and_logs/f06a_call_variants

gvcf_folder: /rds/project/erf33/rds-erf33-medgen/users/alexey/wecare_ampliseq/data_and_results/d06_gvcf/gvcf
merged_gvcf_folder: /rds/project/erf33/rds-erf33-medgen/users/alexey/wecare_ampliseq/data_and_results/d06_gvcf/merged_gvcf

--- Tools ---

gatk: /rds/project/erf33/rds-erf33-medgen/tools/gatk/gatk-4.0.5.2/gatk

java:
openjdk version "1.8.0_171"
OpenJDK Runtime Environment (build 1.8.0_171-b10)
OpenJDK 64-Bit Server VM (build 25.171-b10, mixed mode)

--- Resources ---

ref_genome: /rds/project/erf33/rds-erf33-medgen/resources/gatk_bundle/b37/decompressed/human_g1k_v37_decoy.fasta
targets_interval_list: /rds/project/erf33/rds-erf33-medgen/users/alexey/wecare_ampliseq/data_and_results/d00_targets/targets.interval_list

Detected 541 gvcf files in the source folder
Made 6 batches of up to 100 samples each

Started batch 1
Started batch 2
Started batch 3
Started batch 4
Started batch 5
Started batch 6

Done all tasks
Fri 27 Jul 18:43:38 BST 2018

