Job id: 4445367
Job name: s01_update_vcf
Allocated node: cpu-e-160
Time: Fri 10 Aug 19:51:19 BST 2018

Initial working folder:
/rds/project/erf33/rds-erf33-medgen/users/alexey/wecare_ampliseq/scripts_and_logs/f08_update_and_split

------------------ Output ------------------

Update filtered VCF:
 - Remove variants and alleles that have not been detected in any sample
 - Add VariantType and some genotypes quality summaries to INFO
 - Add INFO annotations that flag multiallelics and count alt alleles number
 - Add location IDs to INFO

Fri 10 Aug 19:51:19 BST 2018

--- Files and folders ---

scripts_folder: /rds/project/erf33/rds-erf33-medgen/users/alexey/wecare_ampliseq/scripts_and_logs/f08_update_and_split

source_vcf: /rds/project/erf33/rds-erf33-medgen/users/alexey/wecare_ampliseq/data_and_results/d07_filtered_vcf_v03/wecare_ampliseq_filt_5830.vcf
output_folder: /rds/project/erf33/rds-erf33-medgen/users/alexey/wecare_ampliseq/data_and_results/d08_processed_vcf

--- Tools ---

gatk: /rds/project/erf33/rds-erf33-medgen/tools/gatk/gatk-3.8-0/GenomeAnalysisTK-3.8-0/GenomeAnalysisTK.jar

openjdk version "1.8.0_171"
OpenJDK Runtime Environment (build 1.8.0_171-b10)
OpenJDK 64-Bit Server VM (build 25.171-b10, mixed mode)

--- Resourses ---

targets_interval_list: /rds/project/erf33/rds-erf33-medgen/users/alexey/wecare_ampliseq/data_and_results/d00_targets/targets.interval_list
ref_genome: /rds/project/erf33/rds-erf33-medgen/resources/gatk_bundle/b37/decompressed/human_g1k_v37_decoy.fasta

Num of variants in source vcf:
5,830

Trimming variants ...

Num of variants in trimmed vcf:
5,830

Adding selected technical annotations ...

Making mask for multiallelic variants ...
Adding flag for multiallelic variants ...

Adding location ID and number of ALT alleles to INFO field ...

Done all tasks
Fri 10 Aug 19:52:09 BST 2018

