Job id: 3399076
Job name: s02a_clean_bams
Allocated node: cpu-e-64
Time: Fri 29 Jun 20:14:47 BST 2018

Initial working folder:
/rds/project/erf33/rds-erf33-medgen/users/alexey/wecare_ampliseq/scripts_and_logs/f03a_alignment

------------------ Output ------------------

Launch cleaning of BAMs in batches
Fri 29 Jun 20:14:47 BST 2018

scripts_folder: /rds/project/erf33/rds-erf33-medgen/users/alexey/wecare_ampliseq/scripts_and_logs/f03a_alignment
raw_bam_folder: /rds/project/erf33/rds-erf33-medgen/users/alexey/wecare_ampliseq/data_and_results/d03_bams/n01_raw_bams
clean_bam_folder: /rds/project/erf33/rds-erf33-medgen/users/alexey/wecare_ampliseq/data_and_results/d03_bams/n02_clean_bams
samtools: /rds/project/erf33/rds-erf33-medgen/tools/samtools/samtools-1.8/bin/samtools
picard: /rds/project/erf33/rds-erf33-medgen/tools/picard/picard-2.18.7/picard.jar
library: wecare_ampliseq_01
platform: illumina
flowcell: HVMMTBBXX

Detected 541 bam files in the source folder
Made 19 batches of up to 30 samples each

20:19:31 Done batch 1

Done all tasks
Fri 29 Jun 20:19:31 BST 2018

