Job id: 4412841
Job name: s04_bsfstat_filtered_vcf
Allocated node: cpu-e-378
Time: Thu  9 Aug 18:03:46 BST 2018

Initial working folder:
/rds/project/erf33/rds-erf33-medgen/users/alexey/wecare_ampliseq/scripts_and_logs/f07_filter_variants_v3

------------------ Output ------------------

Calculate and plot bcf-stats for raw VCF
Thu  9 Aug 18:03:46 BST 2018

--- Files and folders ---

scripts_folder: /rds/project/erf33/rds-erf33-medgen/users/alexey/wecare_ampliseq/scripts_and_logs/f07_filter_variants_v3

vcf: /rds/project/erf33/rds-erf33-medgen/users/alexey/wecare_ampliseq/data_and_results/d07_filtered_vcf_v03/wecare_ampliseq_filt_5830.vcf
stats_folder: /rds/project/erf33/rds-erf33-medgen/users/alexey/wecare_ampliseq/data_and_results/d07_filtered_vcf_v03/bcf_stats
stats: /rds/project/erf33/rds-erf33-medgen/users/alexey/wecare_ampliseq/data_and_results/d07_filtered_vcf_v03/bcf_stats/wecare_ampliseq_filt_5830.vchk

--- Tools ---

bcftools: /rds/project/erf33/rds-erf33-medgen/tools/bcftools/bcftools-1.8/bin/bcftools
plot_vcfstats: /rds/project/erf33/rds-erf33-medgen/tools/bcftools/bcftools-1.8/bin/plot-vcfstats


Calculating stats...
Making plots...
Parsing bcftools stats output: /rds/project/erf33/rds-erf33-medgen/users/alexey/wecare_ampliseq/data_and_results/d07_filtered_vcf_v03/bcf_stats/wecare_ampliseq_filt_5830.vchk
Plotting graphs: python plot.py
Creating PDF: pdflatex summary.tex >plot-vcfstats.log 2>&1
Finished: /rds/project/erf33/rds-erf33-medgen/users/alexey/wecare_ampliseq/data_and_results/d07_filtered_vcf_v03/bcf_stats/summary.pdf

Done
Thu  9 Aug 18:03:50 BST 2018

