Job id: 3643207
Job name: s02_bqsr
Allocated node: cpu-e-279
Time: Tue 10 Jul 21:00:03 BST 2018

Initial working folder:
/rds/project/erf33/rds-erf33-medgen/users/alexey/wecare_ampliseq/scripts_and_logs/f05_preprocess_bams

------------------ Output ------------------

Perform BQSR (in batches)
Tue 10 Jul 21:00:03 BST 2018

--- Folders ---

scripts_folder: /rds/project/erf33/rds-erf33-medgen/users/alexey/wecare_ampliseq/scripts_and_logs/f05_preprocess_bams

clean_bam_folder: /rds/project/erf33/rds-erf33-medgen/users/alexey/wecare_ampliseq/data_and_results/d04_clean_bam/bam
tables_folder: /rds/project/erf33/rds-erf33-medgen/users/alexey/wecare_ampliseq/data_and_results/d05_preprocessed_bam/bqsr_tables_before

--- Tools ---

gatk: /rds/project/erf33/rds-erf33-medgen/tools/gatk/gatk-4.0.5.2/gatk

java:
openjdk version "1.8.0_171"
OpenJDK Runtime Environment (build 1.8.0_171-b10)
OpenJDK 64-Bit Server VM (build 25.171-b10, mixed mode)

--- Resources ---

ref_genome: /rds/project/erf33/rds-erf33-medgen/resources/gatk_bundle/b37/decompressed/human_g1k_v37_decoy.fasta
targets_interval_list: /rds/project/erf33/rds-erf33-medgen/users/alexey/wecare_ampliseq/data_and_results/d00_targets/targets.interval_list

Detected 541 bam files in the source folder
Made 22 batches of up to 25 samples each

21:01:15 Done batch 1
21:02:18 Done batch 2
21:03:31 Done batch 3
21:04:26 Done batch 4
21:05:19 Done batch 5
21:06:35 Done batch 6
21:08:11 Done batch 7
21:09:03 Done batch 8
21:09:57 Done batch 9
21:11:32 Done batch 10
21:12:42 Done batch 11
21:13:38 Done batch 12
21:14:42 Done batch 13
21:15:30 Done batch 14
21:17:08 Done batch 15
21:18:09 Done batch 16
21:19:54 Done batch 17
21:20:41 Done batch 18
21:21:39 Done batch 19
21:22:57 Done batch 20
21:23:48 Done batch 21
21:24:44 Done batch 22

Done all tasks
Tue 10 Jul 21:24:44 BST 2018

